<?xml version="1.0" encoding="UTF-8"?>
<!-- Generated by org.testng.reporters.JUnitReportReporter -->
<testsuite skipped="2" hostname="user-PC" name="com.taxilla.Baseclass.TestA" tests="3" failures="0" timestamp="2021-04-06T00:18:44 IST" time="17.784" errors="0">
  <testcase name="login" time="15.222" classname="com.taxilla.Baseclass.TestA"/>
  <system-out/>
  <testcase name="login" time="2.556" classname="com.taxilla.Baseclass.TestA">
    <skipped/>
  </testcase> <!-- login -->
  <system-out/>
  <testcase name="login" time="0.006" classname="com.taxilla.Baseclass.TestA">
    <skipped/>
  </testcase> <!-- login -->
  <system-out/>
</testsuite> <!-- com.taxilla.Baseclass.TestA -->
