<?xml version="1.0" encoding="UTF-8"?>
<!-- Generated by org.testng.reporters.JUnitReportReporter -->
<testsuite skipped="3" hostname="user-PC" name="com.taxilla.suitea.TenantBasedPartition" tests="3" failures="0" timestamp="2021-04-28T16:08:22 IST" time="0.019" errors="0">
  <testcase name="login" time="0.005" classname="com.taxilla.suitea.TenantBasedPartition">
    <skipped/>
  </testcase> <!-- login -->
  <system-out/>
  <testcase name="login" time="0.011" classname="com.taxilla.suitea.TenantBasedPartition">
    <skipped/>
  </testcase> <!-- login -->
  <system-out/>
  <testcase name="login" time="0.003" classname="com.taxilla.suitea.TenantBasedPartition">
    <skipped/>
  </testcase> <!-- login -->
  <system-out/>
</testsuite> <!-- com.taxilla.suitea.TenantBasedPartition -->
