<?xml version="1.0" encoding="UTF-8"?>
<!-- Generated by org.testng.reporters.JUnitReportReporter -->
<testsuite skipped="2" hostname="user-PC" name="com.taxilla.suitea.LoginTest" tests="3" failures="0" timestamp="2021-03-15T12:53:05 IST" time="97.484" errors="0">
  <testcase name="login" time="95.504" classname="com.taxilla.suitea.LoginTest"/>
  <system-out/>
  <testcase name="login" time="0.003" classname="com.taxilla.suitea.LoginTest">
    <skipped/>
  </testcase> <!-- login -->
  <system-out/>
  <testcase name="login" time="1.977" classname="com.taxilla.suitea.LoginTest">
    <skipped/>
  </testcase> <!-- login -->
  <system-out/>
</testsuite> <!-- com.taxilla.suitea.LoginTest -->
