<?xml version="1.0" encoding="UTF-8"?>
<!-- Generated by org.testng.reporters.JUnitReportReporter -->
<testsuite skipped="1" hostname="user-PC" name="com.taxilla.suitea.OnDataChangeReports" tests="1" failures="0" timestamp="2021-03-26T17:28:12 IST" time="0.000" errors="0">
  <testcase name="login" time="0.000" classname="com.taxilla.suitea.OnDataChangeReports">
    <skipped/>
  </testcase> <!-- login -->
  <system-out/>
</testsuite> <!-- com.taxilla.suitea.OnDataChangeReports -->
