<?xml version="1.0" encoding="UTF-8"?>
<!-- Generated by org.testng.reporters.JUnitReportReporter -->
<testsuite skipped="2" hostname="user-PC" name="com.taxilla.suitea.TestA" tests="3" failures="0" timestamp="2021-04-07T17:26:28 IST" time="19.927" errors="0">
  <testcase name="login" time="2.749" classname="com.taxilla.suitea.TestA">
    <skipped/>
  </testcase> <!-- login -->
  <system-out/>
  <testcase name="login" time="17.169" classname="com.taxilla.suitea.TestA"/>
  <system-out/>
  <testcase name="login" time="0.009" classname="com.taxilla.suitea.TestA">
    <skipped/>
  </testcase> <!-- login -->
  <system-out/>
</testsuite> <!-- com.taxilla.suitea.TestA -->
