<?xml version="1.0" encoding="UTF-8"?>
<!-- Generated by org.testng.reporters.JUnitReportReporter -->
<testsuite skipped="0" hostname="user-PC" name="com.taxilla.suitea.InboundTest" tests="1" failures="0" timestamp="2021-07-05T14:37:59 IST" time="451.163" errors="0">
  <testcase name="inboundtest" time="451.163" classname="com.taxilla.suitea.InboundTest"/>
  <system-out/>
</testsuite> <!-- com.taxilla.suitea.InboundTest -->
